<?xml version="1.0" encoding="UTF-8"?>
<!-- Generated by org.testng.reporters.JUnitReportReporter -->
<testsuite hostname="DSB-PC" name="demo.VerifyTitle" tests="2" failures="0" timestamp="2 Sep 2016 16:55:02 GMT" time="0.261" errors="0">
  <testcase name="verifyTitle" time="0.046" classname="demo.VerifyTitle"/>
  <testcase name="verifyText" time="0.215" classname="demo.VerifyTitle"/>
</testsuite> <!-- demo.VerifyTitle -->
