<?xml version="1.0" encoding="UTF-8"?>
<!-- Generated by org.testng.reporters.JUnitReportReporter -->
<testsuite hostname="DSB-PC" name="crossBrowserTesting.CBT" tests="4" failures="0" timestamp="30 Aug 2016 16:58:13 GMT" time="0.144" errors="0">
  <testcase name="verifyTitle" time="0.046" classname="crossBrowserTesting.CBT"/>
  <testcase name="verifyTitle" time="0.038" classname="crossBrowserTesting.CBT"/>
  <testcase name="verifyTitle" time="0.015" classname="crossBrowserTesting.CBT"/>
  <testcase name="verifyTitle" time="0.045" classname="crossBrowserTesting.CBT"/>
</testsuite> <!-- crossBrowserTesting.CBT -->
