<?xml version="1.0" encoding="UTF-8"?>
<!-- Generated by org.testng.reporters.JUnitReportReporter -->
<testsuite hostname="DSB-PC" name="demo.ScreenshotDemo" tests="1" failures="0" timestamp="2 Sep 2016 16:45:07 GMT" time="30.550" errors="0">
  <testcase name="bookTicket" time="30.550" classname="demo.ScreenshotDemo"/>
</testsuite> <!-- demo.ScreenshotDemo -->
